TN:
SF:/home/vamshi/code/ngrx-crud/src/hello-world.component.ts
FN:7,(anonymous_1)
FN:3,HelloWorldComponent
FNF:2
FNH:2
FNDA:1,(anonymous_1)
FNDA:1,HelloWorldComponent
DA:1,1
DA:7,1
DA:8,1
DA:9,1
LF:4
LH:4
BRF:0
BRH:0
end_of_record
TN:
SF:/home/vamshi/code/ngrx-crud/src/index.ts
FNF:0
FNH:0
DA:1,1
LF:1
LH:1
BRF:0
BRH:0
end_of_record
TN:
SF:/home/vamshi/code/ngrx-crud/src/store-generator.module.ts
FN:10,(anonymous_1)
FN:11,(anonymous_3)
FNF:2
FNH:2
FNDA:2,(anonymous_1)
FNDA:1,(anonymous_3)
DA:1,1
DA:2,1
DA:3,1
DA:10,1
DA:11,1
DA:12,1
DA:16,1
LF:7
LH:7
BRF:0
BRH:0
end_of_record
