TN:
SF:/home/vamshi/code/ngrx-crud/src/actions.ts
FN:44,getEntityAction
FN:59,getLoadAction
FN:64,getLoadSuccessAction
FN:70,getAddAction
FN:76,getAddSuccessAction
FN:83,(anonymous_5)
FN:85,SelectAction
FN:88,(anonymous_7)
FN:90,EditAction
FN:93,(anonymous_9)
FN:95,DeleteAction
FNF:11
FNH:0
FNDA:0,getEntityAction
FNDA:0,getLoadAction
FNDA:0,getLoadSuccessAction
FNDA:0,getAddAction
FNDA:0,getAddSuccessAction
FNDA:0,(anonymous_5)
FNDA:0,SelectAction
FNDA:0,(anonymous_7)
FNDA:0,EditAction
FNDA:0,(anonymous_9)
FNDA:0,DeleteAction
DA:44,1
DA:45,0
DA:46,0
DA:47,0
DA:48,0
DA:49,0
DA:50,0
DA:51,0
DA:52,0
DA:60,0
DA:65,0
DA:71,0
DA:77,0
DA:83,0
DA:84,0
DA:85,0
DA:86,0
DA:88,0
DA:89,0
DA:90,0
DA:91,0
DA:93,0
DA:94,0
DA:95,0
DA:96,0
DA:107,0
LF:26
LH:1
BRF:0
BRH:0
end_of_record
TN:
SF:/home/vamshi/code/ngrx-crud/src/hello-world.component.ts
FN:7,(anonymous_1)
FN:3,HelloWorldComponent
FNF:2
FNH:2
FNDA:1,(anonymous_1)
FNDA:1,HelloWorldComponent
DA:1,1
DA:7,1
DA:8,1
DA:9,1
LF:4
LH:4
BRF:0
BRH:0
end_of_record
TN:
SF:/home/vamshi/code/ngrx-crud/src/index.ts
FNF:0
FNH:0
DA:1,1
DA:2,1
DA:3,1
DA:4,1
LF:4
LH:4
BRF:0
BRH:0
end_of_record
TN:
SF:/home/vamshi/code/ngrx-crud/src/reducers.ts
FN:23,getReducer
FN:38,getEntities
FN:43,getAction
FN:52,getStateReducer
FN:55,(anonymous_4)
FN:69,(anonymous_5)
FN:93,getInitialState
FN:99,(anonymous_7)
FN:101,(anonymous_8)
FNF:9
FNH:0
FNDA:0,getReducer
FNDA:0,getEntities
FNDA:0,getAction
FNDA:0,getStateReducer
FNDA:0,(anonymous_4)
FNDA:0,(anonymous_5)
FNDA:0,getInitialState
FNDA:0,(anonymous_7)
FNDA:0,(anonymous_8)
DA:2,1
DA:4,1
DA:19,1
DA:20,1
DA:21,1
DA:23,1
DA:24,0
DA:25,0
DA:26,0
DA:27,0
DA:28,0
DA:29,0
DA:33,0
DA:38,1
DA:39,0
DA:40,0
DA:43,1
DA:44,0
DA:52,1
DA:55,0
DA:56,0
DA:57,0
DA:59,0
DA:64,0
DA:69,0
DA:70,0
DA:72,0
DA:73,0
DA:75,0
DA:76,0
DA:77,0
DA:87,0
DA:94,0
DA:99,1
DA:101,1
DA:102,0
LF:36
LH:11
BRDA:55,0,0,0
BRDA:55,0,1,0
BRDA:58,1,0,0
BRDA:58,1,1,0
BRDA:58,1,2,0
BRDA:58,1,3,0
BRDA:72,2,0,0
BRDA:72,2,1,0
BRF:8
BRH:0
end_of_record
TN:
SF:/home/vamshi/code/ngrx-crud/src/store-generator.module.ts
FN:10,(anonymous_1)
FN:11,(anonymous_3)
FNF:2
FNH:2
FNDA:2,(anonymous_1)
FNDA:1,(anonymous_3)
DA:1,1
DA:2,1
DA:3,1
DA:10,1
DA:11,1
DA:12,1
DA:16,1
LF:7
LH:7
BRF:0
BRH:0
end_of_record
